<?xml version="1.0" encoding="UTF-8"?>
<!-- Generated by org.testng.reporters.JUnitXMLReporter -->
<testsuite hostname="dattu-PC" name="Default test" tests="1" failures="0" timestamp="25 Jul 2018 06:46:29 GMT" time="0.033" errors="0">
  <testcase name="@BeforeSuite launchBrowser" time="0.0" classname="com.PageObjectModel.PageObjectModel.TestScripts.DemoTest">
    <failure type="org.testng.TestNGException" message="
Parameter &amp;apos;browser&amp;apos; is required by @Configuration on method launchBrowser but has not been marked @Optional or defined
in C:\Users\dattu\AppData\Local\Temp\testng-eclipse--1850537467\testng-customsuite.xml">
      <![CDATA[org.testng.TestNGException: 
Parameter 'browser' is required by @Configuration on method launchBrowser but has not been marked @Optional or defined
in C:\Users\dattu\AppData\Local\Temp\testng-eclipse--1850537467\testng-customsuite.xml
	at org.testng.internal.Parameters.createParameters(Parameters.java:155)
	at org.testng.internal.Parameters.createParameters(Parameters.java:355)
	at org.testng.internal.Parameters.createConfigurationParameters(Parameters.java:86)
	at org.testng.internal.Invoker.invokeConfigurations(Invoker.java:199)
	at org.testng.internal.Invoker.invokeConfigurations(Invoker.java:138)
	at org.testng.SuiteRunner.privateRun(SuiteRunner.java:277)
	at org.testng.SuiteRunner.run(SuiteRunner.java:240)
	at org.testng.SuiteRunnerWorker.runSuite(SuiteRunnerWorker.java:52)
	at org.testng.SuiteRunnerWorker.run(SuiteRunnerWorker.java:86)
	at org.testng.TestNG.runSuitesSequentially(TestNG.java:1198)
	at org.testng.TestNG.runSuitesLocally(TestNG.java:1123)
	at org.testng.TestNG.run(TestNG.java:1031)
	at org.testng.remote.AbstractRemoteTestNG.run(AbstractRemoteTestNG.java:114)
	at org.testng.remote.RemoteTestNG.initAndRun(RemoteTestNG.java:251)
	at org.testng.remote.RemoteTestNG.main(RemoteTestNG.java:77)
]]>
    </failure>
  </testcase> <!-- @BeforeSuite launchBrowser -->
  <testcase name="@BeforeMethod beforeMethod" time="0.0" classname="com.PageObjectModel.PageObjectModel.TestScripts.DemoTest">
    <skipped/>
  </testcase> <!-- @BeforeMethod beforeMethod -->
  <testcase name="@AfterMethod aftermethod" time="0.0" classname="com.PageObjectModel.PageObjectModel.TestScripts.DemoTest">
    <skipped/>
  </testcase> <!-- @AfterMethod aftermethod -->
  <testcase name="test" time="0.008" classname="com.PageObjectModel.PageObjectModel.TestScripts.DemoTest">
    <skipped/>
  </testcase> <!-- test -->
</testsuite> <!-- Default test -->
